<?xml version="1.0" encoding="UTF-8"?>
<!-- Generated by org.testng.reporters.JUnitXMLReporter -->
<testsuite ignored="0" hostname="PBL288" failures="0" tests="3" name="Test1" time="55.931" errors="0" timestamp="26 Jan 2023 07:41:27 GMT">
  <testcase classname="com.qa.testcases.Test1" name="CompareMovieReleaseDateandCountry" time="6.494"/>
  <testcase classname="com.qa.testcases.Test1" name="CompareMovieReleaseDateandCountry" time="6.724"/>
  <testcase classname="com.qa.testcases.Test1" name="CompareMovieReleaseDateandCountry" time="8.234"/>
</testsuite> <!-- Test1 -->
