<?xml version="1.0" encoding="UTF-8"?>
<testng-results ignored="0" total="3" passed="3" failed="0" skipped="0">
  <reporter-output>
  </reporter-output>
  <suite started-at="2023-01-26T07:40:31Z" name="Suite" finished-at="2023-01-26T07:41:27Z" duration-ms="55931">
    <groups>
    </groups>
    <test started-at="2023-01-26T07:40:31Z" name="Test1" finished-at="2023-01-26T07:41:27Z" duration-ms="55931">
      <class name="com.qa.testcases.Test1">
        <test-method is-config="true" signature="setUp()[pri:0, instance:com.qa.testcases.Test1@235834f2]" started-at="2023-01-26T13:10:31Z" name="setUp" finished-at="2023-01-26T13:10:38Z" duration-ms="6503" status="PASS">
          <reporter-output>
          </reporter-output>
        </test-method> <!-- setUp -->
        <test-method signature="CompareMovieReleaseDateandCountry(java.lang.String)[pri:0, instance:com.qa.testcases.Test1@235834f2]" started-at="2023-01-26T13:10:38Z" name="CompareMovieReleaseDateandCountry" data-provider="testdata" finished-at="2023-01-26T13:10:44Z" duration-ms="6494" status="PASS">
          <params>
            <param index="0">
              <value>
                <![CDATA[Pushpa: The Rise]]>
              </value>
            </param>
          </params>
          <reporter-output>
          </reporter-output>
        </test-method> <!-- CompareMovieReleaseDateandCountry -->
        <test-method is-config="true" signature="tearDown()[pri:0, instance:com.qa.testcases.Test1@235834f2]" started-at="2023-01-26T13:10:44Z" name="tearDown" finished-at="2023-01-26T13:10:45Z" duration-ms="54" status="PASS">
          <reporter-output>
          </reporter-output>
        </test-method> <!-- tearDown -->
        <test-method is-config="true" signature="setUp()[pri:0, instance:com.qa.testcases.Test1@235834f2]" started-at="2023-01-26T13:10:45Z" name="setUp" finished-at="2023-01-26T13:10:50Z" duration-ms="5965" status="PASS">
          <reporter-output>
          </reporter-output>
        </test-method> <!-- setUp -->
        <test-method signature="CompareMovieReleaseDateandCountry(java.lang.String)[pri:0, instance:com.qa.testcases.Test1@235834f2]" started-at="2023-01-26T13:10:50Z" name="CompareMovieReleaseDateandCountry" data-provider="testdata" finished-at="2023-01-26T13:10:57Z" duration-ms="6724" status="PASS">
          <params>
            <param index="0">
              <value>
                <![CDATA[Thunivu]]>
              </value>
            </param>
          </params>
          <reporter-output>
          </reporter-output>
        </test-method> <!-- CompareMovieReleaseDateandCountry -->
        <test-method is-config="true" signature="tearDown()[pri:0, instance:com.qa.testcases.Test1@235834f2]" started-at="2023-01-26T13:10:57Z" name="tearDown" finished-at="2023-01-26T13:11:13Z" duration-ms="16275" status="PASS">
          <reporter-output>
          </reporter-output>
        </test-method> <!-- tearDown -->
        <test-method is-config="true" signature="setUp()[pri:0, instance:com.qa.testcases.Test1@235834f2]" started-at="2023-01-26T13:11:13Z" name="setUp" finished-at="2023-01-26T13:11:19Z" duration-ms="5226" status="PASS">
          <reporter-output>
          </reporter-output>
        </test-method> <!-- setUp -->
        <test-method signature="CompareMovieReleaseDateandCountry(java.lang.String)[pri:0, instance:com.qa.testcases.Test1@235834f2]" started-at="2023-01-26T13:11:19Z" name="CompareMovieReleaseDateandCountry" data-provider="testdata" finished-at="2023-01-26T13:11:27Z" duration-ms="8234" status="PASS">
          <params>
            <param index="0">
              <value>
                <![CDATA[Varisu]]>
              </value>
            </param>
          </params>
          <reporter-output>
          </reporter-output>
        </test-method> <!-- CompareMovieReleaseDateandCountry -->
        <test-method is-config="true" signature="tearDown()[pri:0, instance:com.qa.testcases.Test1@235834f2]" started-at="2023-01-26T13:11:27Z" name="tearDown" finished-at="2023-01-26T13:11:27Z" duration-ms="65" status="PASS">
          <reporter-output>
          </reporter-output>
        </test-method> <!-- tearDown -->
        <test-method is-config="true" signature="quit()[pri:0, instance:com.qa.testcases.Test1@235834f2]" started-at="2023-01-26T13:11:27Z" name="quit" finished-at="2023-01-26T13:11:27Z" duration-ms="26" status="PASS">
          <reporter-output>
          </reporter-output>
        </test-method> <!-- quit -->
      </class> <!-- com.qa.testcases.Test1 -->
    </test> <!-- Test1 -->
  </suite> <!-- Suite -->
</testng-results>
